mode: set
github.com/mehix/gopher-burrows/internal/burrows/burrow.go:17.37,19.2 1 1
github.com/mehix/gopher-burrows/internal/burrows/burrow.go:23.35,25.2 1 1
github.com/mehix/gopher-burrows/internal/burrows/burrow.go:27.33,28.32 1 1
github.com/mehix/gopher-burrows/internal/burrows/burrow.go:28.32,30.3 1 1
github.com/mehix/gopher-burrows/internal/burrows/burrow.go:32.2,33.16 2 1
github.com/mehix/gopher-burrows/internal/burrows/burrow.go:33.16,34.21 1 1
github.com/mehix/gopher-burrows/internal/burrows/burrow.go:34.21,36.4 1 1
github.com/mehix/gopher-burrows/internal/burrows/burrow.go:36.9,38.4 1 1
github.com/mehix/gopher-burrows/internal/burrows/communication.go:27.51,32.2 1 0
github.com/mehix/gopher-burrows/internal/burrows/communication.go:34.36,39.2 1 0
github.com/mehix/gopher-burrows/internal/burrows/communication.go:41.33,46.2 1 0
github.com/mehix/gopher-burrows/internal/burrows/managed.go:17.74,24.2 3 0
github.com/mehix/gopher-burrows/internal/burrows/managed.go:26.42,33.6 4 0
github.com/mehix/gopher-burrows/internal/burrows/managed.go:33.6,34.10 1 0
github.com/mehix/gopher-burrows/internal/burrows/managed.go:35.18,36.25 1 0
github.com/mehix/gopher-burrows/internal/burrows/managed.go:37.29,38.20 1 0
github.com/mehix/gopher-burrows/internal/burrows/managed.go:39.18,42.11 3 0
github.com/mehix/gopher-burrows/internal/burrows/managed.go:43.19,44.63 1 0
github.com/mehix/gopher-burrows/internal/burrows/managed.go:45.22,46.29 1 0
github.com/mehix/gopher-burrows/internal/burrows/managed.go:46.29,49.13 2 0
github.com/mehix/gopher-burrows/internal/burrows/managed.go:50.80,52.14 1 0
github.com/mehix/gopher-burrows/internal/burrows/managed.go:53.38,53.38 0 0
github.com/mehix/gopher-burrows/internal/burrows/managed.go:55.35,58.66 3 0
github.com/mehix/gopher-burrows/internal/burrows/managed.go:60.14,61.70 1 0
github.com/mehix/gopher-burrows/internal/burrows/manager.go:26.42,37.2 3 1
github.com/mehix/gopher-burrows/internal/burrows/manager.go:63.68,72.2 3 0
github.com/mehix/gopher-burrows/internal/burrows/manager.go:74.47,79.6 3 0
github.com/mehix/gopher-burrows/internal/burrows/manager.go:79.6,80.10 1 0
github.com/mehix/gopher-burrows/internal/burrows/manager.go:81.21,85.10 3 0
github.com/mehix/gopher-burrows/internal/burrows/manager.go:86.26,89.52 3 0
github.com/mehix/gopher-burrows/internal/burrows/manager.go:90.24,91.14 1 0
github.com/mehix/gopher-burrows/internal/burrows/manager.go:91.14,93.33 2 0
github.com/mehix/gopher-burrows/internal/burrows/manager.go:93.33,94.13 1 0
github.com/mehix/gopher-burrows/internal/burrows/manager.go:95.24,96.13 1 0
github.com/mehix/gopher-burrows/internal/burrows/manager.go:97.20,97.20 0 0
github.com/mehix/gopher-burrows/internal/burrows/manager.go:105.47,107.30 2 0
github.com/mehix/gopher-burrows/internal/burrows/manager.go:107.30,110.3 1 0
github.com/mehix/gopher-burrows/internal/burrows/manager.go:111.2,112.27 2 0
github.com/mehix/gopher-burrows/internal/burrows/manager.go:112.27,115.3 2 0
github.com/mehix/gopher-burrows/internal/burrows/manager.go:116.2,117.16 2 0
github.com/mehix/gopher-burrows/internal/burrows/manager.go:117.16,119.3 1 0
github.com/mehix/gopher-burrows/internal/burrows/manager.go:119.8,120.59 1 0
github.com/mehix/gopher-burrows/internal/burrows/manager.go:120.59,122.4 1 0
github.com/mehix/gopher-burrows/internal/burrows/manager.go:128.42,129.20 1 0
github.com/mehix/gopher-burrows/internal/burrows/manager.go:129.20,131.3 1 0
github.com/mehix/gopher-burrows/internal/burrows/manager.go:135.44,141.29 4 0
github.com/mehix/gopher-burrows/internal/burrows/manager.go:141.29,143.13 2 0
github.com/mehix/gopher-burrows/internal/burrows/manager.go:143.13,143.35 1 0
github.com/mehix/gopher-burrows/internal/burrows/manager.go:146.2,147.29 2 0
github.com/mehix/gopher-burrows/internal/burrows/manager.go:147.29,150.3 2 0
github.com/mehix/gopher-burrows/internal/burrows/manager.go:152.2,152.16 1 0
github.com/mehix/gopher-burrows/internal/burrows/manager.go:159.64,167.29 4 0
github.com/mehix/gopher-burrows/internal/burrows/manager.go:167.29,168.13 1 0
github.com/mehix/gopher-burrows/internal/burrows/manager.go:168.13,168.35 1 0
github.com/mehix/gopher-burrows/internal/burrows/manager.go:171.2,171.9 1 0
github.com/mehix/gopher-burrows/internal/burrows/manager.go:172.20,173.53 1 0
github.com/mehix/gopher-burrows/internal/burrows/manager.go:174.30,178.10 3 0
github.com/mehix/gopher-burrows/internal/burrows/manager.go:179.21,180.75 1 0
github.com/mehix/gopher-burrows/internal/burrows/manager.go:181.32,182.27 1 0
github.com/mehix/gopher-burrows/internal/burrows/manager.go:187.35,193.28 3 0
github.com/mehix/gopher-burrows/internal/burrows/manager.go:193.28,196.22 2 0
github.com/mehix/gopher-burrows/internal/burrows/manager.go:196.22,198.4 1 0
github.com/mehix/gopher-burrows/internal/burrows/manager.go:200.3,201.48 2 0
github.com/mehix/gopher-burrows/internal/burrows/manager.go:201.48,204.4 2 0
github.com/mehix/gopher-burrows/internal/burrows/manager.go:206.3,206.26 1 0
github.com/mehix/gopher-burrows/internal/burrows/manager.go:206.26,209.4 2 0
github.com/mehix/gopher-burrows/internal/burrows/manager.go:212.2,212.12 1 0
github.com/mehix/gopher-burrows/internal/burrows/manager.go:218.49,222.2 3 0
github.com/mehix/gopher-burrows/internal/http/handlers.go:12.52,15.77 2 1
github.com/mehix/gopher-burrows/internal/http/handlers.go:15.77,15.102 1 0
github.com/mehix/gopher-burrows/internal/http/handlers.go:16.2,18.12 3 1
github.com/mehix/gopher-burrows/internal/http/handlers.go:21.59,22.54 1 1
github.com/mehix/gopher-burrows/internal/http/handlers.go:22.54,26.60 3 1
github.com/mehix/gopher-burrows/internal/http/handlers.go:26.60,29.4 2 0
github.com/mehix/gopher-burrows/internal/http/handlers.go:33.59,38.54 2 1
github.com/mehix/gopher-burrows/internal/http/handlers.go:38.54,45.17 5 1
github.com/mehix/gopher-burrows/internal/http/handlers.go:45.17,48.4 2 1
github.com/mehix/gopher-burrows/internal/http/handlers.go:50.3,50.53 1 1
